<?xml version="1.0" encoding="UTF-8"?>
<!-- Generated by org.testng.reporters.JUnitReportReporter -->
<testsuite skipped="0" hostname="SHREENATH" name="com.version2Practice.OpeningBrowserTest" tests="1" failures="0" timestamp="01 Jun 2021 02:52:18 GMT" time="7.953" errors="0">
  <testcase name="open" time="7.953" classname="com.version2Practice.OpeningBrowserTest"/>
</testsuite> <!-- com.version2Practice.OpeningBrowserTest -->
