<?xml version="1.0" encoding="UTF-8"?>
<!-- Generated by org.testng.reporters.JUnitReportReporter -->
<testsuite skipped="0" hostname="SHREENATH" name="com.version2Practice.DataProviderTest" tests="2" failures="0" timestamp="30 May 2021 08:22:11 GMT" time="90.373" errors="0">
  <testcase name="login" time="30.163" classname="com.version2Practice.DataProviderTest"/>
  <testcase name="login" time="60.210" classname="com.version2Practice.DataProviderTest"/>
</testsuite> <!-- com.version2Practice.DataProviderTest -->
