<?xml version="1.0" encoding="UTF-8"?>
<!-- Generated by org.testng.reporters.JUnitReportReporter -->
<testsuite skipped="0" hostname="SHREENATH" name="com.version2Practice.Program1" tests="3" failures="0" timestamp="30 May 2021 07:08:58 GMT" time="0.019" errors="0">
  <testcase name="dele" time="0.002" classname="com.version2Practice.Program1"/>
  <testcase name="sum" time="0.001" classname="com.version2Practice.Program1"/>
  <testcase name="add" time="0.016" classname="com.version2Practice.Program1"/>
</testsuite> <!-- com.version2Practice.Program1 -->
