<?xml version="1.0" encoding="UTF-8"?>
<!-- Generated by org.testng.reporters.JUnitReportReporter -->
<testsuite skipped="0" hostname="Admin-PC" name="com.version2Practice.OpeningBrowserTest" tests="1" failures="0" timestamp="13 Jun 2021 18:00:31 GMT" time="5.691" errors="0">
  <testcase name="open" time="5.691" classname="com.version2Practice.OpeningBrowserTest"/>
</testsuite> <!-- com.version2Practice.OpeningBrowserTest -->
