<?xml version="1.0" encoding="UTF-8"?>
<!-- Generated by org.testng.reporters.JUnitReportReporter -->
<testsuite skipped="0" hostname="Admin-PC" name="com.version2Practice.Program1Test" tests="3" failures="0" timestamp="13 Jun 2021 18:00:31 GMT" time="0.005" errors="0">
  <testcase name="dele" time="0.000" classname="com.version2Practice.Program1Test"/>
  <testcase name="sum" time="0.000" classname="com.version2Practice.Program1Test"/>
  <testcase name="add" time="0.005" classname="com.version2Practice.Program1Test"/>
</testsuite> <!-- com.version2Practice.Program1Test -->
