<?xml version="1.0" encoding="UTF-8"?>
<!-- Generated by org.testng.reporters.JUnitReportReporter -->
<testsuite skipped="0" hostname="Admin-PC" name="com.version2Practice.DataProviderTest" tests="2" failures="0" timestamp="13 Jun 2021 18:00:31 GMT" time="18.497" errors="0">
  <testcase name="login" time="10.178" classname="com.version2Practice.DataProviderTest"/>
  <testcase name="login" time="8.319" classname="com.version2Practice.DataProviderTest"/>
</testsuite> <!-- com.version2Practice.DataProviderTest -->
